2022-05-17T10:46:49+00:00 CRITICAL Uncaught Error: Call to undefined function html_form_code() in C:\xampp\htdocs\wordpress\wp-content\plugins\souma\souma.php:212
Stack trace:
#0 C:\xampp\htdocs\wordpress\wp-includes\shortcodes.php(356): cf_shortcode('', '', 'go_contact')
#1 [internal function]: do_shortcode_tag(Array)
#2 C:\xampp\htdocs\wordpress\wp-includes\shortcodes.php(228): preg_replace_callback('/\\[(\\[?)(go_con...', 'do_shortcode_ta...', '[go_contact]\n')
#3 C:\xampp\htdocs\wordpress\wp-includes\class-wp-hook.php(307): do_shortcode('[go_contact]\n')
#4 C:\xampp\htdocs\wordpress\wp-includes\plugin.php(189): WP_Hook->apply_filters('[go_contact]\n', Array)
#5 C:\xampp\htdocs\wordpress\wp-includes\post-template.php(253): apply_filters('the_content', '<!-- wp:shortco...')
#6 C:\xampp\htdocs\wordpress\wp-content\themes\woostify\inc\woostify-template-functions.php(985): the_content()
#7 C:\xampp\htdocs\wordpress\wp-includes\class-wp-hook.php(307): woostify_page_content('')
#8 C:\xampp\htdocs\wordpress\wp-includes\class-wp-hook.php(331): WP_Hook->apply_filters('', Array)
#9 C:\xampp\htdocs\wordpress\wp-includes\plugin.php(474): WP_Hook->do_action(Array)
#10 C:\xampp\htdocs\wordpress\wp-content\themes\woostify\template-parts\content-page.php(17): do_action('woostify_page')
#11 C:\xampp\htdocs\wordpress\wp-includes\template.php(772): require('C:\\xampp\\htdocs...')
#12 C:\xampp\htdocs\wordpress\wp-includes\template.php(716): load_template('C:\\xampp\\htdocs...', false, Array)
#13 C:\xampp\htdocs\wordpress\wp-includes\general-template.php(204): locate_template(Array, true, false, Array)
#14 C:\xampp\htdocs\wordpress\wp-content\themes\woostify\page.php(29): get_template_part('template-parts/...', 'page')
#15 C:\xampp\htdocs\wordpress\wp-includes\template-loader.php(106): include('C:\\xampp\\htdocs...')
#16 C:\xampp\htdocs\wordpress\wp-blog-header.php(19): require_once('C:\\xampp\\htdocs...')
#17 C:\xampp\htdocs\wordpress\index.php(17): require('C:\\xampp\\htdocs...')
#18 {main}
  thrown in C:\xampp\htdocs\wordpress\wp-content\plugins\souma\souma.php on line 212

